<?xml version="1.0" encoding="UTF-8"?>
<!-- Generated by org.testng.reporters.JUnitReportReporter -->
<testsuite hostname="DESKTOP-GN14561" failures="0" tests="1" name="day3.Headers" time="6.090" errors="0" timestamp="2023-04-21T08:42:06 IST" skipped="0">
  <testcase classname="day3.Headers" name="verifyHeaders" time="6.090"/>
  <system-out/>
</testsuite> <!-- day3.Headers -->
