<?xml version="1.0" encoding="UTF-8"?>
<!-- Generated by org.testng.reporters.JUnitReportReporter -->
<testsuite hostname="DESKTOP-GN14561" failures="0" tests="2" name="day2.WaystoCreatePostRequest" time="5.818" errors="0" timestamp="2023-04-19T09:55:41 IST" skipped="0">
  <testcase classname="day2.WaystoCreatePostRequest" name="testPostusingExternalJsonFile" time="4.783"/>
  <system-out/>
  <testcase classname="day2.WaystoCreatePostRequest" name="deleteRquest" time="1.035"/>
  <system-out/>
</testsuite> <!-- day2.WaystoCreatePostRequest -->
