<?xml version="1.0" encoding="UTF-8"?>
<!-- Generated by org.testng.reporters.JUnitReportReporter -->
<testsuite hostname="DESKTOP-GN14561" failures="0" tests="1" name="RestAssuredBDD.GetRequest" time="6.265" errors="0" timestamp="2023-06-07T09:47:41 IST" skipped="0">
  <testcase classname="RestAssuredBDD.GetRequest" name="getWeatherDetails" time="6.265"/>
  <system-out/>
</testsuite> <!-- RestAssuredBDD.GetRequest -->
