<?xml version="1.0" encoding="UTF-8"?>
<!-- Generated by org.testng.reporters.JUnitReportReporter -->
<testsuite hostname="DESKTOP-GN14561" failures="0" tests="1" name="day4.ResponseBodyValidation" time="2.744" errors="0" timestamp="2023-04-21T09:22:33 IST" skipped="0">
  <testcase classname="day4.ResponseBodyValidation" name="verifyResponseBody" time="2.744"/>
  <system-out/>
</testsuite> <!-- day4.ResponseBodyValidation -->
