<?xml version="1.0" encoding="UTF-8"?>
<!-- Generated by org.testng.reporters.JUnitReportReporter -->
<testsuite hostname="DESKTOP-GN14561" failures="0" tests="1" name="day1.HTTPRequest" time="4.557" errors="0" timestamp="2023-04-17T10:55:06 IST" skipped="0">
  <testcase classname="day1.HTTPRequest" name="getUsers" time="4.557"/>
  <system-out/>
</testsuite> <!-- day1.HTTPRequest -->
