<?xml version="1.0" encoding="UTF-8"?>
<!-- Generated by org.testng.reporters.JUnitReportReporter -->
<testsuite hostname="DESKTOP-GN14561" failures="0" tests="1" name="day3.Cookies" time="3.033" errors="0" timestamp="2023-04-20T10:51:12 IST" skipped="0">
  <testcase classname="day3.Cookies" name="verifyAllCookies" time="3.033"/>
  <system-out/>
</testsuite> <!-- day3.Cookies -->
